<?xml version="1.0" encoding="UTF-8"?>
<testsuite xmlns:xsi="http://www.w3.org/2001/XMLSchema-instance" xsi:noNamespaceSchemaLocation="https://maven.apache.org/surefire/maven-surefire-plugin/xsd/surefire-test-report.xsd" name="TestSuite" time="59.163" tests="1" errors="0" skipped="0" failures="1">
  <properties>
[...]
</properties>
  <testcase name="feature" classname="TestRunner.TestNG" time="57.538">
    <failure message="org.openqa.selenium.TimeoutException: Expected condition failed: waiting for visibility of element located by By.xpath: //*[@id=&quot;welcome-user&quot;] (tried for 20 second(s) with 500 milliseconds interval)" type="cucumber.runtime.CucumberException">cucumber.runtime.CucumberException: org.openqa.selenium.TimeoutException: Expected condition failed: waiting for visibility of element located by By.xpath: //*[@id="welcome-user"] (tried for 20 second(s) with 500 milliseconds interval)
	at TestRunner.TestNG.feature(TestNG.java:41)
Caused by: org.openqa.selenium.TimeoutException: Expected condition failed: waiting for visibility of element located by By.xpath: //*[@id="welcome-user"] (tried for 20 second(s) with 500 milliseconds interval)
Caused by: org.openqa.selenium.NoSuchElementException: 
no such element: Unable to locate element: {"method":"xpath","selector":"//*[@id="welcome-user"]"}
  (Session info: chrome=80.0.3987.163)
For documentation on this error, please visit: https://www.seleniumhq.org/exceptions/no_such_element.html
Build info: version: '3.141.59', revision: 'e82be7d358', time: '2018-11-14T08:17:03'
System info: host: 'IDA-LAPTOP', ip: '192.168.1.22', os.name: 'Windows 10', os.arch: 'amd64', os.version: '10.0', java.version: '13.0.1'
Driver info: org.openqa.selenium.chrome.ChromeDriver
Capabilities {acceptInsecureCerts: false, browserName: chrome, browserVersion: 80.0.3987.163, chrome: {chromedriverVersion: 80.0.3987.106 (f68069574609..., userDataDir: C:\Users\idasc\AppData\Loca...}, goog:chromeOptions: {debuggerAddress: localhost:53643}, javascriptEnabled: true, networkConnectionEnabled: false, pageLoadStrategy: normal, platform: WINDOWS, platformName: WINDOWS, proxy: Proxy(), setWindowRect: true, strictFileInteractability: false, timeouts: {implicit: 0, pageLoad: 300000, script: 30000}, unhandledPromptBehavior: dismiss and notify}
Session ID: 78ab5cc5ad320dac64d0eb435152931a
*** Element info: {Using=xpath, value=//*[@id="welcome-user"]}
	at TestRunner.TestNG.feature(TestNG.java:41)
</failure>
    <system-out><![CDATA[Feature: WeEnergy Login

  Scenario Outline: Validate the Successful login of User &amp#27;[90m# WeEnergy.feature:2&amp#27;[0m
    &amp#27;[36mGiven &amp#27;[0m&amp#27;[36mThe User launches the WeEnergy website&amp#27;[0m
    &amp#27;[36mWhen &amp#27;[0m&amp#27;[36mEntering  "<email>" and "<password>"&amp#27;[0m
    &amp#27;[36mThen &amp#27;[0m&amp#27;[36mUser is able to successfully login&amp#27;[0m
    &amp#27;[36mThen &amp#27;[0m&amp#27;[36mClose the browser&amp#27;[0m

    Examples: 

  Scenario Outline: Validate the Successful login of User    &amp#27;[90m# WeEnergy.feature:11&amp#27;[0m
    &amp#27;[32mGiven &amp#27;[0m&amp#27;[32mThe User launches the WeEnergy website&amp#27;[0m             &amp#27;[90m# WeEnergy.the_User_launches_the_WeEnergy_website()&amp#27;[0m
    &amp#27;[32mWhen &amp#27;[0m&amp#27;[32mEntering  "&amp#27;[0m&amp#27;[32m&amp#27;[1mlivingston7@gmail.com&amp#27;[0m&amp#27;[32m" and "&amp#27;[0m&amp#27;[32m&amp#27;[1mJclivida@10&amp#27;[0m&amp#27;[32m"&amp#27;[0m &amp#27;[90m# WeEnergy.entering_username_and_password(String,String)&amp#27;[0m
    &amp#27;[32mThen &amp#27;[0m&amp#27;[32mUser is able to successfully login&amp#27;[0m                  &amp#27;[90m# WeEnergy.user_is_able_to_successfully_login()&amp#27;[0m
    &amp#27;[32mThen &amp#27;[0m&amp#27;[32mClose the browser&amp#27;[0m                                   &amp#27;[90m# WeEnergy.close_the_browser()&amp#27;[0m

  Scenario Outline: Validate the Successful login of User &amp#27;[90m# WeEnergy.feature:12&amp#27;[0m
    &amp#27;[32mGiven &amp#27;[0m&amp#27;[32mThe User launches the WeEnergy website&amp#27;[0m          &amp#27;[90m# WeEnergy.the_User_launches_the_WeEnergy_website()&amp#27;[0m
    &amp#27;[32mWhen &amp#27;[0m&amp#27;[32mEntering  "&amp#27;[0m&amp#27;[32m&amp#27;[1midascudder92@gmail.com&amp#27;[0m&amp#27;[32m" and "&amp#27;[0m&amp#27;[32m&amp#27;[1mtest123&amp#27;[0m&amp#27;[32m"&amp#27;[0m &amp#27;[90m# WeEnergy.entering_username_and_password(String,String)&amp#27;[0m
    &amp#27;[31mThen &amp#27;[0m&amp#27;[31mUser is able to successfully login&amp#27;[0m               &amp#27;[90m# WeEnergy.user_is_able_to_successfully_login()&amp#27;[0m
      &amp#27;[31morg.openqa.selenium.TimeoutException: Expected condition failed: waiting for visibility of element located by By.xpath: //*[@id="welcome-user"] (tried for 20 second(s) with 500 milliseconds interval)
      	at org.openqa.selenium.support.ui.WebDriverWait.timeoutException(WebDriverWait.java:95)
      	at org.openqa.selenium.support.ui.FluentWait.until(FluentWait.java:272)
      	at StepDefinitions.WeEnergy.user_is_able_to_successfully_login(WeEnergy.java:43)
      	at ?.Then User is able to successfully login(WeEnergy.feature:5)
      Caused by: org.openqa.selenium.NoSuchElementException: no such element: Unable to locate element: {"method":"xpath","selector":"//*[@id="welcome-user"]"}
        (Session info: chrome=80.0.3987.163)
      For documentation on this error, please visit: https://www.seleniumhq.org/exceptions/no_such_element.html
      Build info: version: '3.141.59', revision: 'e82be7d358', time: '2018-11-14T08:17:03'
      System info: host: 'IDA-LAPTOP', ip: '192.168.1.22', os.name: 'Windows 10', os.arch: 'amd64', os.version: '10.0', java.version: '13.0.1'
      Driver info: org.openqa.selenium.chrome.ChromeDriver
      Capabilities {acceptInsecureCerts: false, browserName: chrome, browserVersion: 80.0.3987.163, chrome: {chromedriverVersion: 80.0.3987.106 (f68069574609..., userDataDir: C:\Users\idasc\AppData\Loca...}, goog:chromeOptions: {debuggerAddress: localhost:53643}, javascriptEnabled: true, networkConnectionEnabled: false, pageLoadStrategy: normal, platform: WINDOWS, platformName: WINDOWS, proxy: Proxy(), setWindowRect: true, strictFileInteractability: false, timeouts: {implicit: 0, pageLoad: 300000, script: 30000}, unhandledPromptBehavior: dismiss and notify}
      Session ID: 78ab5cc5ad320dac64d0eb435152931a
      *** Element info: {Using=xpath, value=//*[@id="welcome-user"]}
      	at jdk.internal.reflect.GeneratedConstructorAccessor8.newInstance(Unknown Source)
      	at java.base/jdk.internal.reflect.DelegatingConstructorAccessorImpl.newInstance(DelegatingConstructorAccessorImpl.java:45)
      	at java.base/java.lang.reflect.Constructor.newInstanceWithCaller(Constructor.java:500)
      	at java.base/java.lang.reflect.Constructor.newInstance(Constructor.java:481)
      	at org.openqa.selenium.remote.http.W3CHttpResponseCodec.createException(W3CHttpResponseCodec.java:187)
      	at org.openqa.selenium.remote.http.W3CHttpResponseCodec.decode(W3CHttpResponseCodec.java:122)
      	at org.openqa.selenium.remote.http.W3CHttpResponseCodec.decode(W3CHttpResponseCodec.java:49)
      	at org.openqa.selenium.remote.HttpCommandExecutor.execute(HttpCommandExecutor.java:158)
      	at org.openqa.selenium.remote.service.DriverCommandExecutor.execute(DriverCommandExecutor.java:83)
      	at org.openqa.selenium.remote.RemoteWebDriver.execute(RemoteWebDriver.java:552)
      	at org.openqa.selenium.remote.RemoteWebDriver.findElement(RemoteWebDriver.java:323)
      	at org.openqa.selenium.remote.RemoteWebDriver.findElementByXPath(RemoteWebDriver.java:428)
      	at org.openqa.selenium.By$ByXPath.findElement(By.java:353)
      	at org.openqa.selenium.remote.RemoteWebDriver.findElement(RemoteWebDriver.java:315)
      	at org.openqa.selenium.support.ui.ExpectedConditions$7.apply(ExpectedConditions.java:205)
      	at org.openqa.selenium.support.ui.ExpectedConditions$7.apply(ExpectedConditions.java:201)
      	at org.openqa.selenium.support.ui.FluentWait.until(FluentWait.java:249)
      	at StepDefinitions.WeEnergy.user_is_able_to_successfully_login(WeEnergy.java:43)
      	at java.base/jdk.internal.reflect.NativeMethodAccessorImpl.invoke0(Native Method)
      	at java.base/jdk.internal.reflect.NativeMethodAccessorImpl.invoke(NativeMethodAccessorImpl.java:62)
      	at java.base/jdk.internal.reflect.DelegatingMethodAccessorImpl.invoke(DelegatingMethodAccessorImpl.java:43)
      	at java.base/java.lang.reflect.Method.invoke(Method.java:567)
      	at cucumber.runtime.Utils$1.call(Utils.java:40)
      	at cucumber.runtime.Timeout.timeout(Timeout.java:16)
      	at cucumber.runtime.Utils.invoke(Utils.java:34)
      	at cucumber.runtime.java.JavaStepDefinition.execute(JavaStepDefinition.java:38)
      	at cucumber.runtime.StepDefinitionMatch.runStep(StepDefinitionMatch.java:37)
      	at cucumber.runtime.Runtime.runStep(Runtime.java:300)
      	at cucumber.runtime.model.StepContainer.runStep(StepContainer.java:44)
      	at cucumber.runtime.model.StepContainer.runSteps(StepContainer.java:39)
      	at cucumber.runtime.model.CucumberScenario.run(CucumberScenario.java:44)
      	at cucumber.runtime.model.CucumberScenarioOutline.run(CucumberScenarioOutline.java:46)
      	at cucumber.runtime.model.CucumberFeature.run(CucumberFeature.java:165)
      	at cucumber.api.testng.TestNGCucumberRunner.runCucumber(TestNGCucumberRunner.java:63)
      	at TestRunner.TestNG.feature(TestNG.java:41)
      	at java.base/jdk.internal.reflect.NativeMethodAccessorImpl.invoke0(Native Method)
      	at java.base/jdk.internal.reflect.NativeMethodAccessorImpl.invoke(NativeMethodAccessorImpl.java:62)
      	at java.base/jdk.internal.reflect.DelegatingMethodAccessorImpl.invoke(DelegatingMethodAccessorImpl.java:43)
      	at java.base/java.lang.reflect.Method.invoke(Method.java:567)
      	at org.testng.internal.MethodInvocationHelper.invokeMethod(MethodInvocationHelper.java:134)
      	at org.testng.internal.TestInvoker.invokeMethod(TestInvoker.java:597)
      	at org.testng.internal.TestInvoker.invokeTestMethod(TestInvoker.java:173)
      	at org.testng.internal.MethodRunner.runInSequence(MethodRunner.java:46)
      	at org.testng.internal.TestInvoker$MethodInvocationAgent.invoke(TestInvoker.java:816)
      	at org.testng.internal.TestInvoker.invokeTestMethods(TestInvoker.java:146)
      	at org.testng.internal.TestMethodWorker.invokeTestMethods(TestMethodWorker.java:146)
      	at org.testng.internal.TestMethodWorker.run(TestMethodWorker.java:128)
      	at java.base/java.util.ArrayList.forEach(ArrayList.java:1507)
      	at org.testng.TestRunner.privateRun(TestRunner.java:766)
      	at org.testng.TestRunner.run(TestRunner.java:587)
      	at org.testng.SuiteRunner.runTest(SuiteRunner.java:384)
      	at org.testng.SuiteRunner.runSequentially(SuiteRunner.java:378)
      	at org.testng.SuiteRunner.privateRun(SuiteRunner.java:337)
      	at org.testng.SuiteRunner.run(SuiteRunner.java:286)
      	at org.testng.SuiteRunnerWorker.runSuite(SuiteRunnerWorker.java:53)
      	at org.testng.SuiteRunnerWorker.run(SuiteRunnerWorker.java:96)
      	at org.testng.TestNG.runSuitesSequentially(TestNG.java:1187)
      	at org.testng.TestNG.runSuitesLocally(TestNG.java:1109)
      	at org.testng.TestNG.runSuites(TestNG.java:1039)
      	at org.testng.TestNG.run(TestNG.java:1007)
      	at org.apache.maven.surefire.testng.TestNGExecutor.run(TestNGExecutor.java:283)
      	at org.apache.maven.surefire.testng.TestNGXmlTestSuite.execute(TestNGXmlTestSuite.java:75)
      	at org.apache.maven.surefire.testng.TestNGProvider.invoke(TestNGProvider.java:120)
      	at org.apache.maven.surefire.booter.ForkedBooter.invokeProviderInSameClassLoader(ForkedBooter.java:379)
      	at org.apache.maven.surefire.booter.ForkedBooter.runSuitesInProcess(ForkedBooter.java:340)
      	at org.apache.maven.surefire.booter.ForkedBooter.execute(ForkedBooter.java:125)
      	at org.apache.maven.surefire.booter.ForkedBooter.main(ForkedBooter.java:413)
      &amp#27;[0m
    &amp#27;[36mThen &amp#27;[0m&amp#27;[36mClose the browser&amp#27;[0m                                &amp#27;[90m# WeEnergy.close_the_browser()&amp#27;[0m
]]></system-out>
    <system-err><![CDATA[Starting ChromeDriver 80.0.3987.106 (f68069574609230cf9b635cd784cfb1bf81bb53a-refs/branch-heads/3987@{#882}) on port 24064
Only local connections are allowed.
Please protect ports used by ChromeDriver and related test frameworks to prevent access by malicious code.
[1586139698.958][WARNING]: Timed out connecting to Chrome, retrying...
Apr 05, 2020 9:21:40 PM org.openqa.selenium.remote.ProtocolHandshake createSession
INFO: Detected dialect: W3C
[1586139703.041][WARNING]: Timed out connecting to Chrome, retrying...
[1586139709.015][SEVERE]: Timed out receiving message from renderer: 0.100
[1586139712.460][SEVERE]: Timed out receiving message from renderer: 0.100
[1586139712.562][SEVERE]: Timed out receiving message from renderer: 0.100
[1586139712.689][SEVERE]: Timed out receiving message from renderer: 0.100
[1586139712.790][SEVERE]: Timed out receiving message from renderer: 0.100
[1586139712.892][SEVERE]: Timed out receiving message from renderer: 0.100
[1586139713.197][SEVERE]: Timed out receiving message from renderer: 0.100
[1586139713.298][SEVERE]: Timed out receiving message from renderer: 0.100
[1586139713.561][SEVERE]: Timed out receiving message from renderer: 0.100
[1586139713.665][SEVERE]: Timed out receiving message from renderer: 0.100
[1586139713.844][SEVERE]: Timed out receiving message from renderer: 0.100
[1586139713.953][SEVERE]: Timed out receiving message from renderer: 0.100
Starting ChromeDriver 80.0.3987.106 (f68069574609230cf9b635cd784cfb1bf81bb53a-refs/branch-heads/3987@{#882}) on port 1770
Only local connections are allowed.
Please protect ports used by ChromeDriver and related test frameworks to prevent access by malicious code.
[1586139718.505][WARNING]: Timed out connecting to Chrome, retrying...
Apr 05, 2020 9:22:00 PM org.openqa.selenium.remote.ProtocolHandshake createSession
INFO: Detected dialect: W3C
[1586139722.530][WARNING]: Timed out connecting to Chrome, retrying...
[1586139728.727][SEVERE]: Timed out receiving message from renderer: 0.100
]]></system-err>
  </testcase>
</testsuite>